new_vr/Intermediate/Android/armv7/gradle/app/build/intermediates/manifest_merge_blame_file/debug/manifest-merger-blame-debug-report.txt
1<?xml version="1.0" encoding="utf-8"?>
2<manifest xmlns:android="http://schemas.android.com/apk/res/android"
3    package="com.yonaHarel.VRPolice"
4    android:installLocation="internalOnly"
5    android:versionCode="1"
6    android:versionName="1.0" >
7
8    <uses-sdk
9        android:minSdkVersion="23"
9-->src\main\AndroidManifest.xml
10        android:targetSdkVersion="25" />
10-->src\main\AndroidManifest.xml
11    <!-- Requirements -->
12    <uses-feature
12-->src\main\AndroidManifest.xml:48:3-76
13        android:glEsVersion="0x00030001"
13-->src\main\AndroidManifest.xml:48:17-49
14        android:required="true" />
14-->src\main\AndroidManifest.xml:48:50-73
15
16    <uses-permission android:name="android.permission.INTERNET" />
16-->src\main\AndroidManifest.xml:49:3-65
16-->src\main\AndroidManifest.xml:49:20-62
17    <uses-permission android:name="android.permission.WRITE_EXTERNAL_STORAGE" />
17-->src\main\AndroidManifest.xml:50:3-79
17-->src\main\AndroidManifest.xml:50:20-76
18    <uses-permission android:name="android.permission.ACCESS_NETWORK_STATE" />
18-->src\main\AndroidManifest.xml:51:3-77
18-->src\main\AndroidManifest.xml:51:20-74
19    <uses-permission android:name="android.permission.WAKE_LOCK" />
19-->src\main\AndroidManifest.xml:52:3-66
19-->src\main\AndroidManifest.xml:52:20-63
20    <uses-permission android:name="com.android.vending.CHECK_LICENSE" />
20-->src\main\AndroidManifest.xml:53:3-71
20-->src\main\AndroidManifest.xml:53:20-68
21    <uses-permission android:name="android.permission.ACCESS_WIFI_STATE" />
21-->src\main\AndroidManifest.xml:54:3-74
21-->src\main\AndroidManifest.xml:54:20-71
22    <uses-permission android:name="com.android.vending.BILLING" />
22-->src\main\AndroidManifest.xml:55:3-65
22-->src\main\AndroidManifest.xml:55:20-62
23    <uses-permission android:name="android.permission.READ_EXTERNAL_STORAGE" />
23-->src\main\AndroidManifest.xml:56:3-78
23-->src\main\AndroidManifest.xml:56:20-75
24    <uses-permission android:name="android.permission.MANAGE_EXTERNAL_STORAGE" />
24-->src\main\AndroidManifest.xml:57:3-80
24-->src\main\AndroidManifest.xml:57:20-77
25    <!-- Supported texture compression formats (cooked) -->
26    <supports-gl-texture android:name="GL_KHR_texture_compression_astc_ldr" />
26-->src\main\AndroidManifest.xml:59:3-77
26-->src\main\AndroidManifest.xml:59:24-74
27
28    <uses-feature
28-->src\main\AndroidManifest.xml:60:3-111
29        android:name="android.hardware.vr.headtracking"
29-->src\main\AndroidManifest.xml:60:17-64
30        android:required="true"
30-->src\main\AndroidManifest.xml:60:85-108
31        android:version="1" />
31-->src\main\AndroidManifest.xml:60:65-84
32    <uses-feature android:name="android.hardware.usb.host" />
32-->src\main\AndroidManifest.xml:61:3-60
32-->src\main\AndroidManifest.xml:61:17-57
33    <!-- Application Definition -->
34    <application
34-->src\main\AndroidManifest.xml:3:3-46:17
35        android:name="com.epicgames.ue4.GameApplication"
35-->src\main\AndroidManifest.xml:3:114-162
36        android:debuggable="true"
37        android:extractNativeLibs="false"
38        android:hardwareAccelerated="true"
38-->src\main\AndroidManifest.xml:3:79-113
39        android:hasCode="true"
39-->src\main\AndroidManifest.xml:3:207-229
40        android:icon="@drawable/icon"
40-->src\main\AndroidManifest.xml:3:49-78
41        android:label="@string/app_name"
41-->src\main\AndroidManifest.xml:3:16-48
42        android:requestLegacyExternalStorage="true" >
42-->src\main\AndroidManifest.xml:3:163-206
43        <activity
43-->src\main\AndroidManifest.xml:4:5-12:16
44            android:name="com.epicgames.ue4.GameActivity"
44-->src\main\AndroidManifest.xml:4:15-60
45            android:configChanges="mcc|mnc|uiMode|density|screenSize|smallestScreenSize|screenLayout|orientation|keyboardHidden|keyboard"
45-->src\main\AndroidManifest.xml:4:159-284
46            android:debuggable="true"
46-->src\main\AndroidManifest.xml:4:396-421
47            android:label="@string/app_name"
47-->src\main\AndroidManifest.xml:4:61-93
48            android:launchMode="singleTask"
48-->src\main\AndroidManifest.xml:4:320-351
49            android:resizeableActivity="false"
49-->src\main\AndroidManifest.xml:4:285-319
50            android:screenOrientation="sensorLandscape"
50-->src\main\AndroidManifest.xml:4:352-395
51            android:theme="@android:style/Theme.Black.NoTitleBar.Fullscreen" >
51-->src\main\AndroidManifest.xml:4:94-158
52            <meta-data
52-->src\main\AndroidManifest.xml:5:7-76
53                android:name="android.app.lib_name"
53-->src\main\AndroidManifest.xml:5:18-53
54                android:value="UE4" />
54-->src\main\AndroidManifest.xml:5:54-73
55
56            <intent-filter>
56-->src\main\AndroidManifest.xml:6:7-10:23
57                <action android:name="android.intent.action.MAIN" />
57-->src\main\AndroidManifest.xml:7:9-61
57-->src\main\AndroidManifest.xml:7:17-58
58
59                <category android:name="android.intent.category.LAUNCHER" />
59-->src\main\AndroidManifest.xml:8:9-69
59-->src\main\AndroidManifest.xml:8:19-66
60                <category android:name="com.oculus.intent.category.VR" />
60-->src\main\AndroidManifest.xml:9:9-66
60-->src\main\AndroidManifest.xml:9:19-63
61            </intent-filter>
62
63            <meta-data
63-->src\main\AndroidManifest.xml:11:7-81
64                android:name="com.oculus.vr.focusaware"
64-->src\main\AndroidManifest.xml:11:18-57
65                android:value="true" />
65-->src\main\AndroidManifest.xml:11:58-78
66        </activity>
67        <activity android:name="com.yonaHarel.VRPolice.DownloaderActivity" />
67-->src\main\AndroidManifest.xml:13:5-52
67-->src\main\AndroidManifest.xml:13:15-49
68
69        <meta-data
69-->src\main\AndroidManifest.xml:14:5-101
70            android:name="com.epicgames.ue4.GameActivity.EngineVersion"
70-->src\main\AndroidManifest.xml:14:16-75
71            android:value="4.26.0" />
71-->src\main\AndroidManifest.xml:14:76-98
72        <meta-data
72-->src\main\AndroidManifest.xml:15:5-112
73            android:name="com.epicgames.ue4.GameActivity.EngineBranch"
73-->src\main\AndroidManifest.xml:15:16-74
74            android:value="++UE4+Release-4.26" />
74-->src\main\AndroidManifest.xml:15:75-109
75        <meta-data
75-->src\main\AndroidManifest.xml:16:5-103
76            android:name="com.epicgames.ue4.GameActivity.ProjectVersion"
76-->src\main\AndroidManifest.xml:16:16-76
77            android:value="1.0.0.0" />
77-->src\main\AndroidManifest.xml:16:77-100
78        <meta-data
78-->src\main\AndroidManifest.xml:17:5-104
79            android:name="com.epicgames.ue4.GameActivity.DepthBufferPreference"
79-->src\main\AndroidManifest.xml:17:16-83
80            android:value="0" />
80-->src\main\AndroidManifest.xml:17:84-101
81        <meta-data
81-->src\main\AndroidManifest.xml:18:5-108
82            android:name="com.epicgames.ue4.GameActivity.bPackageDataInsideApk"
82-->src\main\AndroidManifest.xml:18:16-83
83            android:value="false" />
83-->src\main\AndroidManifest.xml:18:84-105
84        <meta-data
84-->src\main\AndroidManifest.xml:19:5-106
85            android:name="com.epicgames.ue4.GameActivity.bVerifyOBBOnStartUp"
85-->src\main\AndroidManifest.xml:19:16-81
86            android:value="false" />
86-->src\main\AndroidManifest.xml:19:82-103
87        <meta-data
87-->src\main\AndroidManifest.xml:20:5-99
88            android:name="com.epicgames.ue4.GameActivity.bShouldHideUI"
88-->src\main\AndroidManifest.xml:20:16-75
89            android:value="true" />
89-->src\main\AndroidManifest.xml:20:76-96
90        <meta-data
90-->src\main\AndroidManifest.xml:21:5-99
91            android:name="com.epicgames.ue4.GameActivity.ProjectName"
91-->src\main\AndroidManifest.xml:21:16-73
92            android:value="new_vr" />
92-->src\main\AndroidManifest.xml:21:74-96
93        <meta-data
93-->src\main\AndroidManifest.xml:22:5-89
94            android:name="com.epicgames.ue4.GameActivity.AppType"
94-->src\main\AndroidManifest.xml:22:16-69
95            android:value="" />
95-->src\main\AndroidManifest.xml:22:70-86
96        <meta-data
96-->src\main\AndroidManifest.xml:23:5-99
97            android:name="com.epicgames.ue4.GameActivity.bHasOBBFiles"
97-->src\main\AndroidManifest.xml:23:16-74
98            android:value="false" />
98-->src\main\AndroidManifest.xml:23:75-96
99        <meta-data
99-->src\main\AndroidManifest.xml:24:5-111
100            android:name="com.epicgames.ue4.GameActivity.BuildConfiguration"
100-->src\main\AndroidManifest.xml:24:16-80
101            android:value="Development" />
101-->src\main\AndroidManifest.xml:24:81-108
102        <meta-data
102-->src\main\AndroidManifest.xml:25:5-99
103            android:name="com.epicgames.ue4.GameActivity.CookedFlavors"
103-->src\main\AndroidManifest.xml:25:16-75
104            android:value="ASTC" />
104-->src\main\AndroidManifest.xml:25:76-96
105        <meta-data
105-->src\main\AndroidManifest.xml:26:5-109
106            android:name="com.epicgames.ue4.GameActivity.bValidateTextureFormats"
106-->src\main\AndroidManifest.xml:26:16-85
107            android:value="true" />
107-->src\main\AndroidManifest.xml:26:86-106
108        <meta-data
108-->src\main\AndroidManifest.xml:27:5-107
109            android:name="com.epicgames.ue4.GameActivity.bUseExternalFilesDir"
109-->src\main\AndroidManifest.xml:27:16-82
110            android:value="false" />
110-->src\main\AndroidManifest.xml:27:83-104
111        <meta-data
111-->src\main\AndroidManifest.xml:28:5-102
112            android:name="com.epicgames.ue4.GameActivity.bPublicLogFiles"
112-->src\main\AndroidManifest.xml:28:16-77
113            android:value="false" />
113-->src\main\AndroidManifest.xml:28:78-99
114        <meta-data
114-->src\main\AndroidManifest.xml:29:5-104
115            android:name="com.epicgames.ue4.GameActivity.bUseDisplayCutout"
115-->src\main\AndroidManifest.xml:29:16-79
116            android:value="false" />
116-->src\main\AndroidManifest.xml:29:80-101
117        <meta-data
117-->src\main\AndroidManifest.xml:30:5-95
118            android:name="com.epicgames.ue4.GameActivity.bAllowIMU"
118-->src\main\AndroidManifest.xml:30:16-71
119            android:value="true" />
119-->src\main\AndroidManifest.xml:30:72-92
120        <meta-data
120-->src\main\AndroidManifest.xml:31:5-102
121            android:name="com.epicgames.ue4.GameActivity.bSupportsVulkan"
121-->src\main\AndroidManifest.xml:31:16-77
122            android:value="false" />
122-->src\main\AndroidManifest.xml:31:78-99
123        <meta-data
123-->src\main\AndroidManifest.xml:32:5-141
124            android:name="com.epicgames.ue4.GameActivity.StartupPermissions"
124-->src\main\AndroidManifest.xml:32:16-80
125            android:value="android.permission.WRITE_EXTERNAL_STORAGE" />
125-->src\main\AndroidManifest.xml:32:81-138
126        <meta-data
126-->src\main\AndroidManifest.xml:33:5-100
127            android:name="com.google.android.gms.games.APP_ID"
127-->src\main\AndroidManifest.xml:33:16-66
128            android:value="@string/app_id" />
128-->src\main\AndroidManifest.xml:33:67-97
129        <meta-data
129-->src\main\AndroidManifest.xml:34:5-118
130            android:name="com.google.android.gms.version"
130-->src\main\AndroidManifest.xml:34:16-61
131            android:value="@integer/google_play_services_version" />
131-->src\main\AndroidManifest.xml:34:62-115
132
133        <activity
133-->src\main\AndroidManifest.xml:35:5-180
134            android:name="com.google.android.gms.ads.AdActivity"
134-->src\main\AndroidManifest.xml:35:15-67
135            android:configChanges="keyboard|keyboardHidden|orientation|screenLayout|uiMode|screenSize|smallestScreenSize" />
135-->src\main\AndroidManifest.xml:35:68-177
136
137        <service android:name="com.yonaHarel.VRPolice.OBBDownloaderService" />
137-->src\main\AndroidManifest.xml:36:5-52
137-->src\main\AndroidManifest.xml:36:14-49
138
139        <receiver android:name="com.yonaHarel.VRPolice.AlarmReceiver" />
139-->src\main\AndroidManifest.xml:37:5-46
139-->src\main\AndroidManifest.xml:37:15-43
140        <receiver android:name="com.epicgames.ue4.LocalNotificationReceiver" />
140-->src\main\AndroidManifest.xml:38:5-76
140-->src\main\AndroidManifest.xml:38:15-73
141        <receiver
141-->src\main\AndroidManifest.xml:39:5-43:16
142            android:name="com.epicgames.ue4.MulticastBroadcastReceiver"
142-->src\main\AndroidManifest.xml:39:15-74
143            android:exported="true" >
143-->src\main\AndroidManifest.xml:39:75-98
144            <intent-filter>
144-->src\main\AndroidManifest.xml:40:7-42:23
145                <action android:name="com.android.vending.INSTALL_REFERRER" />
145-->src\main\AndroidManifest.xml:41:9-71
145-->src\main\AndroidManifest.xml:41:17-68
146            </intent-filter>
147        </receiver>
148
149        <meta-data
149-->src\main\AndroidManifest.xml:44:5-73
150            android:name="android.max_aspect"
150-->src\main\AndroidManifest.xml:44:16-49
151            android:value="2.10" />
151-->src\main\AndroidManifest.xml:44:50-70
152        <meta-data
152-->src\main\AndroidManifest.xml:45:5-84
153            android:name="com.oculus.supportedDevices"
153-->src\main\AndroidManifest.xml:45:16-58
154            android:value="delmar" />
154-->src\main\AndroidManifest.xml:45:59-81
155
156        <activity
156-->[com.google.android.gms:play-services-auth:11.8.0] AndroidManifest.xml:23:9-27:75
157            android:name="com.google.android.gms.auth.api.signin.internal.SignInHubActivity"
157-->[com.google.android.gms:play-services-auth:11.8.0] AndroidManifest.xml:24:13-93
158            android:excludeFromRecents="true"
158-->[com.google.android.gms:play-services-auth:11.8.0] AndroidManifest.xml:25:13-46
159            android:exported="false"
159-->[com.google.android.gms:play-services-auth:11.8.0] AndroidManifest.xml:26:13-37
160            android:theme="@android:style/Theme.Translucent.NoTitleBar" />
160-->[com.google.android.gms:play-services-auth:11.8.0] AndroidManifest.xml:27:13-72
161        <!--
162            Service handling Google Sign-In user revocation. For apps that do not integrate with
163            Google Sign-In, this service will never be started.
164        -->
165        <service
165-->[com.google.android.gms:play-services-auth:11.8.0] AndroidManifest.xml:33:9-36:110
166            android:name="com.google.android.gms.auth.api.signin.RevocationBoundService"
166-->[com.google.android.gms:play-services-auth:11.8.0] AndroidManifest.xml:34:13-89
167            android:exported="true"
167-->[com.google.android.gms:play-services-auth:11.8.0] AndroidManifest.xml:35:13-36
168            android:permission="com.google.android.gms.auth.api.signin.permission.REVOCATION_NOTIFICATION" />
168-->[com.google.android.gms:play-services-auth:11.8.0] AndroidManifest.xml:36:13-107
169
170        <meta-data
170-->[com.android.billingclient:billing:3.0.0] AndroidManifest.xml:13:9-15:37
171            android:name="com.google.android.play.billingclient.version"
171-->[com.android.billingclient:billing:3.0.0] AndroidManifest.xml:14:13-73
172            android:value="3.0.0" />
172-->[com.android.billingclient:billing:3.0.0] AndroidManifest.xml:15:13-34
173
174        <activity
174-->[com.android.billingclient:billing:3.0.0] AndroidManifest.xml:17:9-20:75
175            android:name="com.android.billingclient.api.ProxyBillingActivity"
175-->[com.android.billingclient:billing:3.0.0] AndroidManifest.xml:18:13-78
176            android:configChanges="keyboard|keyboardHidden|screenLayout|screenSize|orientation"
176-->[com.android.billingclient:billing:3.0.0] AndroidManifest.xml:19:13-96
177            android:theme="@android:style/Theme.Translucent.NoTitleBar" />
177-->[com.android.billingclient:billing:3.0.0] AndroidManifest.xml:20:13-72
178
179        <provider
179-->[android.arch.lifecycle:extensions:1.1.1] AndroidManifest.xml:23:9-27:43
180            android:name="android.arch.lifecycle.ProcessLifecycleOwnerInitializer"
180-->[android.arch.lifecycle:extensions:1.1.1] AndroidManifest.xml:24:13-83
181            android:authorities="com.yonaHarel.VRPolice.lifecycle-trojan"
181-->[android.arch.lifecycle:extensions:1.1.1] AndroidManifest.xml:25:13-68
182            android:exported="false"
182-->[android.arch.lifecycle:extensions:1.1.1] AndroidManifest.xml:26:13-37
183            android:multiprocess="true" />
183-->[android.arch.lifecycle:extensions:1.1.1] AndroidManifest.xml:27:13-40
184
185        <activity
185-->[com.google.android.gms:play-services-base:11.8.0] AndroidManifest.xml:23:9-26:75
186            android:name="com.google.android.gms.common.api.GoogleApiActivity"
186-->[com.google.android.gms:play-services-base:11.8.0] AndroidManifest.xml:24:13-79
187            android:exported="false"
187-->[com.google.android.gms:play-services-base:11.8.0] AndroidManifest.xml:25:13-37
188            android:theme="@android:style/Theme.Translucent.NoTitleBar" />
188-->[com.google.android.gms:play-services-base:11.8.0] AndroidManifest.xml:26:13-72
189    </application>
190
191</manifest>